<?xml version="1.0" encoding="UTF-8"?>
<coverage generated="1709734681156" clover="3.2.0">
  <project timestamp="1709734681156" name="All files">
    <metrics statements="27" coveredstatements="22" conditionals="10" coveredconditionals="8" methods="10" coveredmethods="7" elements="47" coveredelements="37" complexity="0" loc="27" ncloc="27" packages="2" files="4" classes="4"/>
    <package name="Tag1+2">
      <metrics statements="22" coveredstatements="17" conditionals="4" coveredconditionals="2" methods="9" coveredmethods="6"/>
      <file name="calculator.js" path="/Users/sturmkind/Documents/GitHub/testing/unit-testing/Tag1+2/calculator.js">
        <metrics statements="6" coveredstatements="5" conditionals="0" coveredconditionals="0" methods="3" coveredmethods="2"/>
        <line num="2" count="0" type="stmt"/>
        <line num="6" count="3" type="stmt"/>
        <line num="10" count="3" type="stmt"/>
        <line num="13" count="1" type="stmt"/>
        <line num="14" count="1" type="stmt"/>
        <line num="15" count="1" type="stmt"/>
      </file>
      <file name="minMax.js" path="/Users/sturmkind/Documents/GitHub/testing/unit-testing/Tag1+2/minMax.js">
        <metrics statements="4" coveredstatements="4" conditionals="4" coveredconditionals="2" methods="2" coveredmethods="2"/>
        <line num="2" count="3" type="cond" truecount="1" falsecount="1"/>
        <line num="6" count="3" type="cond" truecount="1" falsecount="1"/>
        <line num="9" count="1" type="stmt"/>
        <line num="10" count="1" type="stmt"/>
      </file>
      <file name="shoppingCart.js" path="/Users/sturmkind/Documents/GitHub/testing/unit-testing/Tag1+2/shoppingCart.js">
        <metrics statements="12" coveredstatements="8" conditionals="0" coveredconditionals="0" methods="4" coveredmethods="2"/>
        <line num="1" count="1" type="stmt"/>
        <line num="4" count="2" type="stmt"/>
        <line num="11" count="1" type="stmt"/>
        <line num="12" count="1" type="stmt"/>
        <line num="13" count="0" type="stmt"/>
        <line num="15" count="1" type="stmt"/>
        <line num="19" count="0" type="stmt"/>
        <line num="20" count="0" type="stmt"/>
        <line num="21" count="0" type="stmt"/>
        <line num="24" count="1" type="stmt"/>
        <line num="25" count="1" type="stmt"/>
        <line num="26" count="1" type="stmt"/>
      </file>
    </package>
    <package name="Tag3">
      <metrics statements="5" coveredstatements="5" conditionals="6" coveredconditionals="6" methods="1" coveredmethods="1"/>
      <file name="AgeFunctions.js" path="/Users/sturmkind/Documents/GitHub/testing/unit-testing/Tag3/AgeFunctions.js">
        <metrics statements="5" coveredstatements="5" conditionals="6" coveredconditionals="6" methods="1" coveredmethods="1"/>
        <line num="2" count="7" type="cond" truecount="2" falsecount="0"/>
        <line num="3" count="6" type="cond" truecount="2" falsecount="0"/>
        <line num="4" count="5" type="cond" truecount="2" falsecount="0"/>
        <line num="5" count="2" type="stmt"/>
        <line num="8" count="1" type="stmt"/>
      </file>
    </package>
  </project>
</coverage>
