{"/Users/sturmkind/Documents/GitHub/testing/unit-testing/Tag1+2/calculator.js": {"path":"/Users/sturmkind/Documents/GitHub/testing/unit-testing/Tag1+2/calculator.js","statementMap":{"0":{"start":{"line":2,"column":2},"end":{"line":2,"column":15}},"1":{"start":{"line":6,"column":2},"end":{"line":6,"column":15}},"2":{"start":{"line":10,"column":2},"end":{"line":10,"column":15}},"3":{"start":{"line":13,"column":0},"end":{"line":13,"column":25}},"4":{"start":{"line":14,"column":0},"end":{"line":14,"column":37}},"5":{"start":{"line":15,"column":0},"end":{"line":15,"column":35}}},"fnMap":{"0":{"name":"sum","decl":{"start":{"line":1,"column":9},"end":{"line":1,"column":12}},"loc":{"start":{"line":1,"column":19},"end":{"line":3,"column":1}},"line":1},"1":{"name":"substract","decl":{"start":{"line":5,"column":9},"end":{"line":5,"column":18}},"loc":{"start":{"line":5,"column":25},"end":{"line":7,"column":1}},"line":5},"2":{"name":"multiply","decl":{"start":{"line":9,"column":9},"end":{"line":9,"column":17}},"loc":{"start":{"line":9,"column":24},"end":{"line":11,"column":1}},"line":9}},"branchMap":{},"s":{"0":0,"1":3,"2":3,"3":1,"4":1,"5":1},"f":{"0":0,"1":3,"2":3},"b":{},"_coverageSchema":"1a1c01bbd47fc00a2c39e90264f33305004495a9","hash":"1395c49227f67745c95686e9f77e9fd5d0ee90f5"}
,"/Users/sturmkind/Documents/GitHub/testing/unit-testing/Tag1+2/minMax.js": {"path":"/Users/sturmkind/Documents/GitHub/testing/unit-testing/Tag1+2/minMax.js","statementMap":{"0":{"start":{"line":2,"column":2},"end":{"line":2,"column":23}},"1":{"start":{"line":6,"column":2},"end":{"line":6,"column":23}},"2":{"start":{"line":9,"column":0},"end":{"line":9,"column":25}},"3":{"start":{"line":10,"column":0},"end":{"line":10,"column":25}}},"fnMap":{"0":{"name":"min","decl":{"start":{"line":1,"column":9},"end":{"line":1,"column":12}},"loc":{"start":{"line":1,"column":19},"end":{"line":3,"column":1}},"line":1},"1":{"name":"max","decl":{"start":{"line":5,"column":9},"end":{"line":5,"column":12}},"loc":{"start":{"line":5,"column":19},"end":{"line":7,"column":1}},"line":5}},"branchMap":{"0":{"loc":{"start":{"line":2,"column":9},"end":{"line":2,"column":22}},"type":"cond-expr","locations":[{"start":{"line":2,"column":17},"end":{"line":2,"column":18}},{"start":{"line":2,"column":21},"end":{"line":2,"column":22}}],"line":2},"1":{"loc":{"start":{"line":6,"column":9},"end":{"line":6,"column":22}},"type":"cond-expr","locations":[{"start":{"line":6,"column":17},"end":{"line":6,"column":18}},{"start":{"line":6,"column":21},"end":{"line":6,"column":22}}],"line":6}},"s":{"0":3,"1":3,"2":1,"3":1},"f":{"0":3,"1":3},"b":{"0":[3,0],"1":[0,3]},"_coverageSchema":"1a1c01bbd47fc00a2c39e90264f33305004495a9","hash":"bbeb2d030745961bc29f84c2837fc75fd9948a9b"}
,"/Users/sturmkind/Documents/GitHub/testing/unit-testing/Tag1+2/shoppingCart.js": {"path":"/Users/sturmkind/Documents/GitHub/testing/unit-testing/Tag1+2/shoppingCart.js","statementMap":{"0":{"start":{"line":1,"column":13},"end":{"line":1,"column":15}},"1":{"start":{"line":4,"column":2},"end":{"line":7,"column":5}},"2":{"start":{"line":11,"column":15},"end":{"line":11,"column":16}},"3":{"start":{"line":12,"column":2},"end":{"line":14,"column":3}},"4":{"start":{"line":13,"column":4},"end":{"line":13,"column":25}},"5":{"start":{"line":15,"column":2},"end":{"line":15,"column":16}},"6":{"start":{"line":19,"column":15},"end":{"line":19,"column":16}},"7":{"start":{"line":20,"column":2},"end":{"line":20,"column":49}},"8":{"start":{"line":20,"column":26},"end":{"line":20,"column":46}},"9":{"start":{"line":21,"column":2},"end":{"line":21,"column":16}},"10":{"start":{"line":24,"column":0},"end":{"line":24,"column":27}},"11":{"start":{"line":25,"column":0},"end":{"line":25,"column":41}},"12":{"start":{"line":26,"column":0},"end":{"line":26,"column":45}}},"fnMap":{"0":{"name":"addCartItem","decl":{"start":{"line":3,"column":9},"end":{"line":3,"column":20}},"loc":{"start":{"line":3,"column":34},"end":{"line":8,"column":1}},"line":3},"1":{"name":"getTotalValue","decl":{"start":{"line":10,"column":9},"end":{"line":10,"column":22}},"loc":{"start":{"line":10,"column":25},"end":{"line":16,"column":1}},"line":10},"2":{"name":"getTotalValue2","decl":{"start":{"line":18,"column":9},"end":{"line":18,"column":23}},"loc":{"start":{"line":18,"column":26},"end":{"line":22,"column":1}},"line":18},"3":{"name":"(anonymous_3)","decl":{"start":{"line":20,"column":15},"end":{"line":20,"column":16}},"loc":{"start":{"line":20,"column":26},"end":{"line":20,"column":46}},"line":20}},"branchMap":{},"s":{"0":1,"1":2,"2":1,"3":1,"4":0,"5":1,"6":0,"7":0,"8":0,"9":0,"10":1,"11":1,"12":1},"f":{"0":2,"1":1,"2":0,"3":0},"b":{},"_coverageSchema":"1a1c01bbd47fc00a2c39e90264f33305004495a9","hash":"8debabfbfb7527733f1e2338367acf8045d577a9"}
,"/Users/sturmkind/Documents/GitHub/testing/unit-testing/Tag3/AgeFunctions.js": {"path":"/Users/sturmkind/Documents/GitHub/testing/unit-testing/Tag3/AgeFunctions.js","statementMap":{"0":{"start":{"line":2,"column":2},"end":{"line":4,"column":34}},"1":{"start":{"line":2,"column":31},"end":{"line":2,"column":76}},"2":{"start":{"line":3,"column":7},"end":{"line":4,"column":34}},"3":{"start":{"line":3,"column":20},"end":{"line":3,"column":72}},"4":{"start":{"line":4,"column":7},"end":{"line":4,"column":34}},"5":{"start":{"line":4,"column":22},"end":{"line":4,"column":34}},"6":{"start":{"line":5,"column":2},"end":{"line":5,"column":15}},"7":{"start":{"line":8,"column":0},"end":{"line":8,"column":29}}},"fnMap":{"0":{"name":"isAdult","decl":{"start":{"line":1,"column":9},"end":{"line":1,"column":16}},"loc":{"start":{"line":1,"column":22},"end":{"line":6,"column":1}},"line":1}},"branchMap":{"0":{"loc":{"start":{"line":2,"column":2},"end":{"line":4,"column":34}},"type":"if","locations":[{"start":{"line":2,"column":2},"end":{"line":4,"column":34}},{"start":{"line":3,"column":7},"end":{"line":4,"column":34}}],"line":2},"1":{"loc":{"start":{"line":3,"column":7},"end":{"line":4,"column":34}},"type":"if","locations":[{"start":{"line":3,"column":7},"end":{"line":4,"column":34}},{"start":{"line":4,"column":7},"end":{"line":4,"column":34}}],"line":3},"2":{"loc":{"start":{"line":4,"column":7},"end":{"line":4,"column":34}},"type":"if","locations":[{"start":{"line":4,"column":7},"end":{"line":4,"column":34}},{"start":{},"end":{}}],"line":4}},"s":{"0":7,"1":1,"2":6,"3":1,"4":5,"5":3,"6":2,"7":1},"f":{"0":7},"b":{"0":[1,6],"1":[1,5],"2":[3,2]},"_coverageSchema":"1a1c01bbd47fc00a2c39e90264f33305004495a9","hash":"e10c076f4515bacea6a8b7080c132308b1a7839c"}
}
