TN:
SF:unit-testing/Tag1+2/calculator.js
FN:1,sum
FN:5,substract
FN:9,multiply
FNF:3
FNH:2
FNDA:0,sum
FNDA:3,substract
FNDA:3,multiply
DA:2,0
DA:6,3
DA:10,3
DA:13,1
DA:14,1
DA:15,1
LF:6
LH:5
BRF:0
BRH:0
end_of_record
TN:
SF:unit-testing/Tag1+2/minMax.js
FN:1,min
FN:5,max
FNF:2
FNH:2
FNDA:3,min
FNDA:3,max
DA:2,3
DA:6,3
DA:9,1
DA:10,1
LF:4
LH:4
BRDA:2,0,0,3
BRDA:2,0,1,0
BRDA:6,1,0,0
BRDA:6,1,1,3
BRF:4
BRH:2
end_of_record
TN:
SF:unit-testing/Tag1+2/shoppingCart.js
FN:3,addCartItem
FN:10,getTotalValue
FN:18,getTotalValue2
FN:20,(anonymous_3)
FNF:4
FNH:2
FNDA:2,addCartItem
FNDA:1,getTotalValue
FNDA:0,getTotalValue2
FNDA:0,(anonymous_3)
DA:1,1
DA:4,2
DA:11,1
DA:12,1
DA:13,0
DA:15,1
DA:19,0
DA:20,0
DA:21,0
DA:24,1
DA:25,1
DA:26,1
LF:12
LH:8
BRF:0
BRH:0
end_of_record
TN:
SF:unit-testing/Tag3/AgeFunctions.js
FN:1,isAdult
FNF:1
FNH:1
FNDA:7,isAdult
DA:2,7
DA:3,6
DA:4,5
DA:5,2
DA:8,1
LF:5
LH:5
BRDA:2,0,0,1
BRDA:2,0,1,6
BRDA:3,1,0,1
BRDA:3,1,1,5
BRDA:4,2,0,3
BRDA:4,2,1,2
BRF:6
BRH:6
end_of_record
